#
# There is insufficient memory for the Java Runtime Environment to continue.
# Native memory allocation (mmap) failed to map 132120576 bytes for G1 virtual space
# Possible reasons:
#   The system is out of physical RAM or swap space
#   The process is running with CompressedOops enabled, and the Java Heap may be blocking the growth of the native heap
# Possible solutions:
#   Reduce memory load on the system
#   Increase physical memory or swap space
#   Check if swap backing store is full
#   Decrease Java heap size (-Xmx/-Xms)
#   Decrease number of Java threads
#   Decrease Java thread stack sizes (-Xss)
#   Set larger code cache with -XX:ReservedCodeCacheSize=
#   JVM is running with Unscaled Compressed Oops mode in which the Java heap is
#     placed in the first 4GB address space. The Java Heap base address is the
#     maximum limit for the native heap growth. Please use -XX:HeapBaseMinAddress
#     to set the Java Heap base and to place the Java Heap above 4GB virtual address.
# This output file may be truncated or incomplete.
#
#  Out of Memory Error (os_windows.cpp:3548), pid=1428, tid=4664
#
# JRE version:  (17.0.12+8) (build )
# Java VM: Java HotSpot(TM) 64-Bit Server VM (17.0.12+8-LTS-286, mixed mode, sharing, tiered, compressed oops, compressed class ptrs, g1 gc, windows-amd64)
# No core dump will be written. Minidumps are not enabled by default on client versions of Windows
#

---------------  S U M M A R Y ------------

Command Line: -Dmaven.multiModuleProjectDirectory=D:\dsi-backend-spring-master -Djansi.passthrough=true -Dmaven.home=C:\Users\Dell\.m2\wrapper\dists\apache-maven-3.9.9-bin\4nf9hui3q3djbarqar9g711ggc\apache-maven-3.9.9 -Dclassworlds.conf=C:\Users\Dell\.m2\wrapper\dists\apache-maven-3.9.9-bin\4nf9hui3q3djbarqar9g711ggc\apache-maven-3.9.9\bin\m2.conf -Dmaven.ext.class.path=D:\JetBrains\IntelliJ IDEA Community Edition 2024.2.3\plugins\maven\lib\maven-event-listener.jar -javaagent:D:\JetBrains\IntelliJ IDEA Community Edition 2024.2.3\lib\idea_rt.jar=56213:D:\JetBrains\IntelliJ IDEA Community Edition 2024.2.3\bin -Dfile.encoding=UTF-8 org.codehaus.classworlds.Launcher -Didea.version=2024.2.3 org.springframework.boot:spring-boot-maven-plugin:3.3.5:run

Host: Intel(R) Core(TM) i5-10210U CPU @ 1.60GHz, 8 cores, 7G,  Windows 10 , 64 bit Build 19041 (10.0.19041.5438)
Time: Sat Mar  1 01:20:59 2025 SE Asia Standard Time elapsed time: 0.152190 seconds (0d 0h 0m 0s)

---------------  T H R E A D  ---------------

Current thread (0x0000026d7fd14330):  JavaThread "Unknown thread" [_thread_in_vm, id=4664, stack(0x000000856d800000,0x000000856d900000)]

Stack: [0x000000856d800000,0x000000856d900000]
Native frames: (J=compiled Java code, j=interpreted, Vv=VM code, C=native code)
V  [jvm.dll+0x67a04a]
V  [jvm.dll+0x7da4ed]
V  [jvm.dll+0x7dbe33]
V  [jvm.dll+0x7dc4a3]
V  [jvm.dll+0x24508f]
V  [jvm.dll+0x677089]
V  [jvm.dll+0x66bd32]
V  [jvm.dll+0x301fa6]
V  [jvm.dll+0x309546]
V  [jvm.dll+0x359d2e]
V  [jvm.dll+0x359f5f]
V  [jvm.dll+0x2d9078]
V  [jvm.dll+0x2d9fe4]
V  [jvm.dll+0x7aca21]
V  [jvm.dll+0x367591]
V  [jvm.dll+0x78b999]
V  [jvm.dll+0x3ec83f]
V  [jvm.dll+0x3ee471]
C  [jli.dll+0x5297]
C  [ucrtbase.dll+0x21bb2]
C  [KERNEL32.DLL+0x17374]
C  [ntdll.dll+0x4cc91]


---------------  P R O C E S S  ---------------

Threads class SMR info:
_java_thread_list=0x00007ff87af57a18, length=0, elements={
}

Java Threads: ( => current thread )

Other Threads:
  0x0000026d7fd6cac0 GCTaskThread "GC Thread#0" [stack: 0x000000856d900000,0x000000856da00000] [id=5472]
  0x0000026d7fd7ea00 ConcurrentGCThread "G1 Main Marker" [stack: 0x000000856da00000,0x000000856db00000] [id=1976]
  0x0000026d7fd7fac0 ConcurrentGCThread "G1 Conc#0" [stack: 0x000000856db00000,0x000000856dc00000] [id=13940]

[error occurred during error reporting (printing all threads), id 0xc0000005, EXCEPTION_ACCESS_VIOLATION (0xc0000005) at pc=0x00007ff87a789b67]

VM state: not at safepoint (not fully initialized)

VM Mutex/Monitor currently owned by a thread:  ([mutex/lock_event])
[0x0000026d7fd0fda0] Heap_lock - owner thread: 0x0000026d7fd14330

Heap address: 0x0000000083a00000, size: 1990 MB, Compressed Oops mode: 32-bit

CDS archive(s) mapped at: [0x0000000000000000-0x0000000000000000-0x0000000000000000), size 0, SharedBaseAddress: 0x0000000800000000, ArchiveRelocationMode: 1.
Narrow klass base: 0x0000000000000000, Narrow klass shift: 0, Narrow klass range: 0x0

GC Precious Log:
<Empty>

Heap:
 garbage-first heap   total 0K, used 0K [0x0000000083a00000, 0x0000000100000000)
  region size 1024K, 0 young (0K), 0 survivors (0K)

[error occurred during error reporting (printing heap information), id 0xc0000005, EXCEPTION_ACCESS_VIOLATION (0xc0000005) at pc=0x00007ff87ab73859]

GC Heap History (0 events):
No events

Deoptimization events (0 events):
No events

Classes unloaded (0 events):
No events

Classes redefined (0 events):
No events

Internal exceptions (0 events):
No events

VM Operations (0 events):
No events

Events (1 events):
Event: 0.144 Loaded shared library C:\Program Files\Java\jdk-17\bin\java.dll


Dynamic libraries:
0x00007ff7288b0000 - 0x00007ff7288c0000 	C:\Program Files\Java\jdk-17\bin\java.exe
0x00007ff8ec270000 - 0x00007ff8ec468000 	C:\Windows\SYSTEM32\ntdll.dll
0x00007ff8ea290000 - 0x00007ff8ea352000 	C:\Windows\System32\KERNEL32.DLL
0x00007ff8e9cf0000 - 0x00007ff8e9fef000 	C:\Windows\System32\KERNELBASE.dll
0x00007ff8e9910000 - 0x00007ff8e9a10000 	C:\Windows\System32\ucrtbase.dll
0x00007ff8d5180000 - 0x00007ff8d519b000 	C:\Program Files\Java\jdk-17\bin\VCRUNTIME140.dll
0x00007ff8d51c0000 - 0x00007ff8d51d9000 	C:\Program Files\Java\jdk-17\bin\jli.dll
0x00007ff8ea3f0000 - 0x00007ff8ea49f000 	C:\Windows\System32\ADVAPI32.dll
0x00007ff8eb460000 - 0x00007ff8eb4fe000 	C:\Windows\System32\msvcrt.dll
0x00007ff8eba20000 - 0x00007ff8ebabf000 	C:\Windows\System32\sechost.dll
0x00007ff8eac40000 - 0x00007ff8ead63000 	C:\Windows\System32\RPCRT4.dll
0x00007ff8ea230000 - 0x00007ff8ea257000 	C:\Windows\System32\bcrypt.dll
0x00007ff8ea4a0000 - 0x00007ff8ea63d000 	C:\Windows\System32\USER32.dll
0x00007ff8cde20000 - 0x00007ff8ce0ba000 	C:\Windows\WinSxS\amd64_microsoft.windows.common-controls_6595b64144ccf1df_6.0.19041.4355_none_60b8b9eb71f62e16\COMCTL32.dll
0x00007ff8ea260000 - 0x00007ff8ea282000 	C:\Windows\System32\win32u.dll
0x00007ff8ea6a0000 - 0x00007ff8ea6cb000 	C:\Windows\System32\GDI32.dll
0x00007ff8ea110000 - 0x00007ff8ea22a000 	C:\Windows\System32\gdi32full.dll
0x00007ff8e9a10000 - 0x00007ff8e9aad000 	C:\Windows\System32\msvcp_win.dll
0x00007ff8e04f0000 - 0x00007ff8e04fa000 	C:\Windows\SYSTEM32\VERSION.dll
0x00007ff8eb380000 - 0x00007ff8eb3af000 	C:\Windows\System32\IMM32.DLL
0x00007ff8df0d0000 - 0x00007ff8df0dc000 	C:\Program Files\Java\jdk-17\bin\vcruntime140_1.dll
0x00007ff8bd7d0000 - 0x00007ff8bd85e000 	C:\Program Files\Java\jdk-17\bin\msvcp140.dll
0x00007ff87a4a0000 - 0x00007ff87b080000 	C:\Program Files\Java\jdk-17\bin\server\jvm.dll
0x00007ff8eab80000 - 0x00007ff8eab88000 	C:\Windows\System32\PSAPI.DLL
0x00007ff8c8450000 - 0x00007ff8c8477000 	C:\Windows\SYSTEM32\WINMM.dll
0x00007ff8e14d0000 - 0x00007ff8e14d9000 	C:\Windows\SYSTEM32\WSOCK32.dll
0x00007ff8eb1f0000 - 0x00007ff8eb25b000 	C:\Windows\System32\WS2_32.dll
0x00007ff8e7800000 - 0x00007ff8e7812000 	C:\Windows\SYSTEM32\kernel.appcore.dll
0x00007ff8d51b0000 - 0x00007ff8d51ba000 	C:\Program Files\Java\jdk-17\bin\jimage.dll
0x00007ff8e70c0000 - 0x00007ff8e72a4000 	C:\Windows\SYSTEM32\DBGHELP.DLL
0x00007ff8db260000 - 0x00007ff8db294000 	C:\Windows\SYSTEM32\dbgcore.DLL
0x00007ff8e9ab0000 - 0x00007ff8e9b32000 	C:\Windows\System32\bcryptPrimitives.dll
0x00007ff8d50a0000 - 0x00007ff8d50ae000 	C:\Program Files\Java\jdk-17\bin\instrument.dll
0x00007ff8c4970000 - 0x00007ff8c4995000 	C:\Program Files\Java\jdk-17\bin\java.dll

dbghelp: loaded successfully - version: 4.0.5 - missing functions: none
symbol engine: initialized successfully - sym options: 0x614 - pdb path: .;C:\Program Files\Java\jdk-17\bin;C:\Windows\SYSTEM32;C:\Windows\WinSxS\amd64_microsoft.windows.common-controls_6595b64144ccf1df_6.0.19041.4355_none_60b8b9eb71f62e16;C:\Program Files\Java\jdk-17\bin\server

VM Arguments:
jvm_args: -Dmaven.multiModuleProjectDirectory=D:\dsi-backend-spring-master -Djansi.passthrough=true -Dmaven.home=C:\Users\Dell\.m2\wrapper\dists\apache-maven-3.9.9-bin\4nf9hui3q3djbarqar9g711ggc\apache-maven-3.9.9 -Dclassworlds.conf=C:\Users\Dell\.m2\wrapper\dists\apache-maven-3.9.9-bin\4nf9hui3q3djbarqar9g711ggc\apache-maven-3.9.9\bin\m2.conf -Dmaven.ext.class.path=D:\JetBrains\IntelliJ IDEA Community Edition 2024.2.3\plugins\maven\lib\maven-event-listener.jar -javaagent:D:\JetBrains\IntelliJ IDEA Community Edition 2024.2.3\lib\idea_rt.jar=56213:D:\JetBrains\IntelliJ IDEA Community Edition 2024.2.3\bin -Dfile.encoding=UTF-8 
java_command: org.codehaus.classworlds.Launcher -Didea.version=2024.2.3 org.springframework.boot:spring-boot-maven-plugin:3.3.5:run
java_class_path (initial): C:\Users\Dell\.m2\wrapper\dists\apache-maven-3.9.9-bin\4nf9hui3q3djbarqar9g711ggc\apache-maven-3.9.9\boot\plexus-classworlds-2.8.0.jar;C:\Users\Dell\.m2\wrapper\dists\apache-maven-3.9.9-bin\4nf9hui3q3djbarqar9g711ggc\apache-maven-3.9.9\boot\plexus-classworlds.license
Launcher Type: SUN_STANDARD

[Global flags]
     intx CICompilerCount                          = 4                                         {product} {ergonomic}
     uint ConcGCThreads                            = 2                                         {product} {ergonomic}
     uint G1ConcRefinementThreads                  = 8                                         {product} {ergonomic}
   size_t G1HeapRegionSize                         = 1048576                                   {product} {ergonomic}
    uintx GCDrainStackTargetSize                   = 64                                        {product} {ergonomic}
   size_t InitialHeapSize                          = 132120576                                 {product} {ergonomic}
   size_t MarkStackSize                            = 4194304                                   {product} {ergonomic}
   size_t MaxHeapSize                              = 2086666240                                {product} {ergonomic}
   size_t MinHeapDeltaBytes                        = 1048576                                   {product} {ergonomic}
   size_t MinHeapSize                              = 8388608                                   {product} {ergonomic}
    uintx NonNMethodCodeHeapSize                   = 5839372                                {pd product} {ergonomic}
    uintx NonProfiledCodeHeapSize                  = 122909434                              {pd product} {ergonomic}
    uintx ProfiledCodeHeapSize                     = 122909434                              {pd product} {ergonomic}
    uintx ReservedCodeCacheSize                    = 251658240                              {pd product} {ergonomic}
     bool SegmentedCodeCache                       = true                                      {product} {ergonomic}
   size_t SoftMaxHeapSize                          = 2086666240                             {manageable} {ergonomic}
     bool UseCompressedClassPointers               = true                           {product lp64_product} {ergonomic}
     bool UseCompressedOops                        = true                           {product lp64_product} {ergonomic}
     bool UseG1GC                                  = true                                      {product} {ergonomic}
     bool UseLargePagesIndividualAllocation        = false                                  {pd product} {ergonomic}

Logging:
Log output configuration:
 #0: stdout all=warning uptime,level,tags
 #1: stderr all=off uptime,level,tags

Environment Variables:
PATH=C:\Program Files\Common Files\Oracle\Java\javapath;C:\Windows\system32;C:\Windows;C:\Windows\System32\Wbem;C:\Windows\System32\WindowsPowerShell\v1.0\;C:\Windows\System32\OpenSSH\;C:\Program Files\dotnet\;C:\Program Files\Git\cmd;C:\Program Files\MySQL\MySQL Shell 8.0\bin\;C:\Users\Dell\AppData\Local\Microsoft\WindowsApps;
USERNAME=Dell
OS=Windows_NT
PROCESSOR_IDENTIFIER=Intel64 Family 6 Model 142 Stepping 12, GenuineIntel



---------------  S Y S T E M  ---------------

OS:
 Windows 10 , 64 bit Build 19041 (10.0.19041.5438)
OS uptime: 0 days 22:43 hours

CPU: total 8 (initial active 8) (4 cores per cpu, 2 threads per core) family 6 model 142 stepping 12 microcode 0xfe, cx8, cmov, fxsr, ht, mmx, 3dnowpref, sse, sse2, sse3, ssse3, sse4.1, sse4.2, popcnt, lzcnt, tsc, tscinvbit, avx, avx2, aes, erms, clmul, bmi1, bmi2, adx, fma, vzeroupper, clflush, clflushopt

Memory: 4k page, system-wide physical 7952M (558M free)
TotalPageFile size 20458M (AvailPageFile size 64M)
current process WorkingSet (physical memory assigned to process): 10M, peak: 10M
current process commit charge ("private bytes"): 60M, peak: 186M

vm_info: Java HotSpot(TM) 64-Bit Server VM (17.0.12+8-LTS-286) for windows-amd64 JRE (17.0.12+8-LTS-286), built on Jun  5 2024 06:46:59 by "mach5one" with MS VC++ 17.6 (VS2022)

END.
